[    0.000000] Initializing cgroup subsys cpuset
[    0.000000] Initializing cgroup subsys cpu
[    0.000000] Initializing cgroup subsys cpuacct
[    0.000000] Linux version 4.4.0-154-generic (buildd@lgw01-amd64-049) (gcc version 5.4.0 20160609 (Ubuntu 5.4.0-6ubuntu1~16.04.10) ) #181-Ubuntu SMP Tue Jun 25 05:29:03 UTC 2019 (Ubuntu 4.4.0-154.181-generic 4.4.179)
[    0.000000] Command line: BOOT_IMAGE=/boot/vmlinuz-4.4.0-154-generic root=LABEL=cloudimg-rootfs ro console=tty1 console=ttyS0
[    0.000000] KERNEL supported cpus:
[    0.000000]   Intel GenuineIntel
[    0.000000]   AMD AuthenticAMD
[    0.000000]   Centaur CentaurHauls
[    0.000000] x86/fpu: xstate_offset[2]:  576, xstate_sizes[2]:  256
[    0.000000] x86/fpu: Supporting XSAVE feature 0x01: 'x87 floating point registers'
[    0.000000] x86/fpu: Supporting XSAVE feature 0x02: 'SSE registers'
[    0.000000] x86/fpu: Supporting XSAVE feature 0x04: 'AVX registers'
[    0.000000] x86/fpu: Enabled xstate features 0x7, context size is 832 bytes, using 'standard' format.
[    0.000000] e820: BIOS-provided physical RAM map:
[    0.000000] BIOS-e820: [mem 0x0000000000000000-0x000000000009fbff] usable
[    0.000000] BIOS-e820: [mem 0x000000000009fc00-0x000000000009ffff] reserved
[    0.000000] BIOS-e820: [mem 0x00000000000f0000-0x00000000000fffff] reserved
[    0.000000] BIOS-e820: [mem 0x0000000000100000-0x000000003ffeffff] usable
[    0.000000] BIOS-e820: [mem 0x000000003fff0000-0x000000003fffffff] ACPI data
[    0.000000] BIOS-e820: [mem 0x00000000fec00000-0x00000000fec00fff] reserved
[    0.000000] BIOS-e820: [mem 0x00000000fee00000-0x00000000fee00fff] reserved
[    0.000000] BIOS-e820: [mem 0x00000000fffc0000-0x00000000ffffffff] reserved
[    0.000000] NX (Execute Disable) protection: active
[    0.000000] SMBIOS 2.5 present.
[    0.000000] Hypervisor detected: KVM
[    0.000000] e820: last_pfn = 0x3fff0 max_arch_pfn = 0x400000000
[    0.000000] MTRR: Disabled
[    0.000000] x86/PAT: MTRRs disabled, skipping PAT initialization too.
[    0.000000] CPU MTRRs all blank - virtualized system.
[    0.000000] x86/PAT: Configuration [0-7]: WB  WT  UC- UC  WB  WT  UC- UC  
[    0.000000] found SMP MP-table at [mem 0x0009fff0-0x0009ffff] mapped at [ffff88000009fff0]
[    0.000000] Scanning 1 areas for low memory corruption
[    0.000000] RAMDISK: [mem 0x362f8000-0x37173fff]
[    0.000000] ACPI: Early table checksum verification disabled
[    0.000000] ACPI: RSDP 0x00000000000E0000 000024 (v02 VBOX  )
[    0.000000] ACPI: XSDT 0x000000003FFF0030 00003C (v01 VBOX   VBOXXSDT 00000001 ASL  00000061)
[    0.000000] ACPI: FACP 0x000000003FFF00F0 0000F4 (v04 VBOX   VBOXFACP 00000001 ASL  00000061)
[    0.000000] ACPI: DSDT 0x000000003FFF0470 0021FF (v02 VBOX   VBOXBIOS 00000002 INTL 20100528)
[    0.000000] ACPI: FACS 0x000000003FFF0200 000040
[    0.000000] ACPI: FACS 0x000000003FFF0200 000040
[    0.000000] ACPI: APIC 0x000000003FFF0240 00005C (v02 VBOX   VBOXAPIC 00000001 ASL  00000061)
[    0.000000] ACPI: SSDT 0x000000003FFF02A0 0001CC (v01 VBOX   VBOXCPUT 00000002 INTL 20100528)
[    0.000000] No NUMA configuration found
[    0.000000] Faking a node at [mem 0x0000000000000000-0x000000003ffeffff]
[    0.000000] NODE_DATA(0) allocated [mem 0x3ffeb000-0x3ffeffff]
[    0.000000] kvm-clock: Using msrs 4b564d01 and 4b564d00
[    0.000000] kvm-clock: cpu 0, msr 0:3ffe3001, primary cpu clock
[    0.000000] kvm-clock: using sched offset of 6353019255 cycles
[    0.000000] clocksource: kvm-clock: mask: 0xffffffffffffffff max_cycles: 0x1cd42e4dffb, max_idle_ns: 881590591483 ns
[    0.000000] Zone ranges:
[    0.000000]   DMA      [mem 0x0000000000001000-0x0000000000ffffff]
[    0.000000]   DMA32    [mem 0x0000000001000000-0x000000003ffeffff]
[    0.000000]   Normal   empty
[    0.000000]   Device   empty
[    0.000000] Movable zone start for each node
[    0.000000] Early memory node ranges
[    0.000000]   node   0: [mem 0x0000000000001000-0x000000000009efff]
[    0.000000]   node   0: [mem 0x0000000000100000-0x000000003ffeffff]
[    0.000000] Initmem setup node 0 [mem 0x0000000000001000-0x000000003ffeffff]
[    0.000000] ACPI: PM-Timer IO Port: 0x4008
[    0.000000] IOAPIC[0]: apic_id 2, version 32, address 0xfec00000, GSI 0-23
[    0.000000] ACPI: INT_SRC_OVR (bus 0 bus_irq 0 global_irq 2 dfl dfl)
[    0.000000] ACPI: INT_SRC_OVR (bus 0 bus_irq 9 global_irq 9 low level)
[    0.000000] Using ACPI (MADT) for SMP configuration information
[    0.000000] smpboot: Allowing 2 CPUs, 0 hotplug CPUs
[    0.000000] PM: Registered nosave memory: [mem 0x00000000-0x00000fff]
[    0.000000] PM: Registered nosave memory: [mem 0x0009f000-0x0009ffff]
[    0.000000] PM: Registered nosave memory: [mem 0x000a0000-0x000effff]
[    0.000000] PM: Registered nosave memory: [mem 0x000f0000-0x000fffff]
[    0.000000] e820: [mem 0x40000000-0xfebfffff] available for PCI devices
[    0.000000] Booting paravirtualized kernel on KVM
[    0.000000] clocksource: refined-jiffies: mask: 0xffffffff max_cycles: 0xffffffff, max_idle_ns: 7645519600211568 ns
[    0.000000] setup_percpu: NR_CPUS:512 nr_cpumask_bits:512 nr_cpu_ids:2 nr_node_ids:1
[    0.000000] PERCPU: Embedded 34 pages/cpu @ffff88003fc00000 s99480 r8192 d31592 u1048576
[    0.000000] Built 1 zonelists in Node order, mobility grouping on.  Total pages: 257912
[    0.000000] Policy zone: DMA32
[    0.000000] Kernel command line: BOOT_IMAGE=/boot/vmlinuz-4.4.0-154-generic root=LABEL=cloudimg-rootfs ro console=tty1 console=ttyS0
[    0.000000] PID hash table entries: 4096 (order: 3, 32768 bytes)
[    0.000000] Memory: 997728K/1048120K available (8613K kernel code, 1335K rwdata, 4028K rodata, 1484K init, 1284K bss, 50392K reserved, 0K cma-reserved)
[    0.000000] SLUB: HWalign=64, Order=0-3, MinObjects=0, CPUs=2, Nodes=1
[    0.000000] Kernel/User page tables isolation: enabled
[    0.000000] Hierarchical RCU implementation.
[    0.000000] 	Build-time adjustment of leaf fanout to 64.
[    0.000000] 	RCU restricting CPUs from NR_CPUS=512 to nr_cpu_ids=2.
[    0.000000] RCU: Adjusting geometry for rcu_fanout_leaf=64, nr_cpu_ids=2
[    0.000000] NR_IRQS:33024 nr_irqs:440 16
[    0.000000] Console: colour VGA+ 80x25
[    0.000000] console [tty1] enabled
[    0.000000] console [ttyS0] enabled
[    0.000000] tsc: Detected 2693.860 MHz processor
[    0.572046] Calibrating delay loop (skipped) preset value.. 5387.72 BogoMIPS (lpj=10775440)
[    0.579988] pid_max: default: 32768 minimum: 301
[    0.584331] ACPI: Core revision 20150930
[    0.589281] ACPI: 2 ACPI AML tables successfully acquired and loaded
[    0.595457] Security Framework initialized
[    0.599433] Yama: becoming mindful.
[    0.602844] AppArmor: AppArmor initialized
[    0.606810] Dentry cache hash table entries: 131072 (order: 8, 1048576 bytes)
[    0.615596] Inode-cache hash table entries: 65536 (order: 7, 524288 bytes)
[    0.622022] Mount-cache hash table entries: 2048 (order: 2, 16384 bytes)
[    0.628194] Mountpoint-cache hash table entries: 2048 (order: 2, 16384 bytes)
[    0.634903] Initializing cgroup subsys io
[    0.638615] Initializing cgroup subsys memory
[    0.642655] Initializing cgroup subsys devices
[    0.646764] Initializing cgroup subsys freezer
[    0.650991] Initializing cgroup subsys net_cls
[    0.655205] Initializing cgroup subsys perf_event
[    0.659641] Initializing cgroup subsys net_prio
[    0.663952] Initializing cgroup subsys hugetlb
[    0.668199] Initializing cgroup subsys pids
[    0.672627] mce: CPU supports 0 MCE banks
[    0.676365] Last level iTLB entries: 4KB 512, 2MB 8, 4MB 8
[    0.681365] Last level dTLB entries: 4KB 512, 2MB 32, 4MB 32, 1GB 0
[    0.687056] Spectre V2 : Mitigation: Full generic retpoline
[    0.692241] Spectre V2 : Spectre v2 / SpectreRSB mitigation: Filling RSB on context switch
[    0.700161] Speculative Store Bypass: Vulnerable
[    0.704746] MDS: Vulnerable: Clear CPU buffers attempted, no microcode
[    0.723489] Freeing SMP alternatives memory: 36K
[    0.734952] ftrace: allocating 32299 entries in 127 pages
[    0.839378] smpboot: APIC(0) Converting physical 0 to logical package 0
[    0.846085] smpboot: Max logical packages: 1
[    0.850780] x2apic enabled
[    0.853880] Switched APIC routing to physical x2apic.
[    0.859994] ..TIMER: vector=0x30 apic1=0 pin1=2 apic2=-1 pin2=-1
[    0.972195] smpboot: CPU0: Intel(R) Core(TM) i5-3330S CPU @ 2.70GHz (family: 0x6, model: 0x3a, stepping: 0x9)
[    0.981958] Performance Events: unsupported p6 CPU model 58 no PMU driver, software events only.
[    1.003673] KVM setup paravirtual spinlock
[    1.008693] x86: Booting SMP configuration:
[    1.012641] .... node  #0, CPUs:      #1
[    1.016684] kvm-clock: cpu 1, msr 0:3ffe3041, secondary cpu clock
[    1.022324] mce: CPU supports 0 MCE banks
[    1.028957] x86: Booted up 1 node, 2 CPUs
[    1.033100] smpboot: Total of 2 processors activated (10775.44 BogoMIPS)
[    1.039942] devtmpfs: initialized
[    1.045041] evm: security.selinux
[    1.048305] evm: security.SMACK64
[    1.051566] evm: security.SMACK64EXEC
[    1.055148] evm: security.SMACK64TRANSMUTE
[    1.059051] evm: security.SMACK64MMAP
[    1.062639] evm: security.ima
[    1.065549] evm: security.capability
[    1.069437] clocksource: jiffies: mask: 0xffffffff max_cycles: 0xffffffff, max_idle_ns: 7645041785100000 ns
[    1.078508] futex hash table entries: 512 (order: 3, 32768 bytes)
[    1.084467] pinctrl core: initialized pinctrl subsystem
[    1.089522] RTC time:  4:21:55, date: 09/02/19
[    1.094044] NET: Registered protocol family 16
[    1.108268] cpuidle: using governor ladder
[    1.119881] cpuidle: using governor menu
[    1.123738] PCCT header not found.
[    1.129876] ACPI: bus type PCI registered
[    1.133769] acpiphp: ACPI Hot Plug PCI Controller Driver version: 0.5
[    1.140886] PCI: Using configuration type 1 for base access
[    1.165211] ACPI: Added _OSI(Module Device)
[    1.169989] ACPI: Added _OSI(Processor Device)
[    1.175027] ACPI: Added _OSI(3.0 _SCP Extensions)
[    1.180359] ACPI: Added _OSI(Processor Aggregator Device)
[    1.193609] ACPI: Executed 1 blocks of module-level executable AML code
[    1.202421] ACPI: Interpreter enabled
[    1.205933] ACPI: (supports S0 S5)
[    1.209265] ACPI: Using IOAPIC for interrupt routing
[    1.214106] PCI: Using host bridge windows from ACPI; if necessary, use "pci=nocrs" and report a bug
[    1.228620] ACPI: PCI Root Bridge [PCI0] (domain 0000 [bus 00-ff])
[    1.234467] acpi PNP0A03:00: _OSC: OS supports [ASPM ClockPM Segments MSI]
[    1.240973] acpi PNP0A03:00: _OSC: not requesting OS control; OS requires [ExtendedConfig ASPM ClockPM MSI]
[    1.250056] acpi PNP0A03:00: fail to add MMCONFIG information, can't access extended PCI configuration space under this bridge.
[    1.261217] PCI host bridge to bus 0000:00
[    1.265247] pci_bus 0000:00: root bus resource [io  0x0000-0x0cf7 window]
[    1.271619] pci_bus 0000:00: root bus resource [io  0x0d00-0xffff window]
[    1.277802] pci_bus 0000:00: root bus resource [mem 0x000a0000-0x000bffff window]
[    1.284892] pci_bus 0000:00: root bus resource [mem 0x40000000-0xfdffffff window]
[    1.291909] pci_bus 0000:00: root bus resource [bus 00-ff]
[    1.302951] pci 0000:00:01.1: legacy IDE quirk: reg 0x10: [io  0x01f0-0x01f7]
[    1.309521] pci 0000:00:01.1: legacy IDE quirk: reg 0x14: [io  0x03f6]
[    1.316970] pci 0000:00:01.1: legacy IDE quirk: reg 0x18: [io  0x0170-0x0177]
[    1.323501] pci 0000:00:01.1: legacy IDE quirk: reg 0x1c: [io  0x0376]
[    1.352032] pci 0000:00:07.0: quirk: [io  0x4000-0x403f] claimed by PIIX4 ACPI
[    1.370576] pci 0000:00:07.0: quirk: [io  0x4100-0x410f] claimed by PIIX4 SMB
[    1.391955] ACPI: PCI Interrupt Link [LNKA] (IRQs 5 9 10 *11)
[    1.398403] ACPI: PCI Interrupt Link [LNKB] (IRQs 5 9 *10 11)
[    1.404481] ACPI: PCI Interrupt Link [LNKC] (IRQs 5 *9 10 11)
[    1.410586] ACPI: PCI Interrupt Link [LNKD] (IRQs 5 9 10 *11)
[    1.416907] ACPI: Enabled 2 GPEs in block 00 to 07
[    1.422029] vgaarb: setting as boot device: PCI:0000:00:02.0
[    1.427309] vgaarb: device added: PCI:0000:00:02.0,decodes=io+mem,owns=io+mem,locks=none
[    1.434913] vgaarb: loaded
[    1.437510] vgaarb: bridge control possible 0000:00:02.0
[    1.442721] SCSI subsystem initialized
[    1.446414] ACPI: bus type USB registered
[    1.450258] usbcore: registered new interface driver usbfs
[    1.455307] usbcore: registered new interface driver hub
[    1.460286] usbcore: registered new device driver usb
[    1.465304] PCI: Using ACPI for IRQ routing
[    1.470025] NetLabel: Initializing
[    1.473373] NetLabel:  domain hash size = 128
[    1.477491] NetLabel:  protocols = UNLABELED CIPSOv4
[    1.483884] NetLabel:  unlabeled traffic allowed by default
[    1.489528] amd_nb: Cannot enumerate AMD northbridges
[    1.494427] clocksource: Switched to clocksource kvm-clock
[    1.512736] AppArmor: AppArmor Filesystem Enabled
[    1.517450] pnp: PnP ACPI init
[    1.522364] pnp: PnP ACPI: found 3 devices
[    1.540786] clocksource: acpi_pm: mask: 0xffffff max_cycles: 0xffffff, max_idle_ns: 2085701024 ns
[    1.549225] NET: Registered protocol family 2
[    1.553699] TCP established hash table entries: 8192 (order: 4, 65536 bytes)
[    1.560146] TCP bind hash table entries: 8192 (order: 5, 131072 bytes)
[    1.566201] TCP: Hash tables configured (established 8192 bind 8192)
[    1.571935] UDP hash table entries: 512 (order: 2, 16384 bytes)
[    1.577370] UDP-Lite hash table entries: 512 (order: 2, 16384 bytes)
[    1.583180] NET: Registered protocol family 1
[    1.587315] pci 0000:00:00.0: Limiting direct PCI/PCI transfers
[    1.592775] pci 0000:00:01.0: Activating ISA DMA hang workarounds
[    1.598790] Unpacking initramfs...
[    1.889249] Freeing initrd memory: 14832K
[    1.893867] RAPL PMU detected, API unit is 2^-32 Joules, 3 fixed counters 10737418240 ms ovfl timer
[    1.913455] hw unit of domain pp0-core 2^-0 Joules
[    1.918812] hw unit of domain package 2^-0 Joules
[    1.927133] hw unit of domain pp1-gpu 2^-0 Joules
[    1.936064] clocksource: tsc: mask: 0xffffffffffffffff max_cycles: 0x26d495e7549, max_idle_ns: 440795226485 ns
[    1.949916] platform rtc_cmos: registered platform RTC device (no PNP device found)
[    1.966152] Scanning for low memory corruption every 60 seconds
[    1.983653] audit: initializing netlink subsys (disabled)
[    1.999439] audit: type=2000 audit(1567398122.857:1): initialized
[    2.005500] Initialise system trusted keyring
[    2.015714] HugeTLB registered 2 MB page size, pre-allocated 0 pages
[    2.023370] zbud: loaded
[    2.026571] VFS: Disk quotas dquot_6.6.0
[    2.030439] VFS: Dquot-cache hash table entries: 512 (order 0, 4096 bytes)
[    2.038397] squashfs: version 4.0 (2009/01/31) Phillip Lougher
[    2.044488] fuse init (API version 7.23)
[    2.048662] Key type big_key registered
[    2.052454] Allocating IMA MOK and blacklist keyrings.
[    2.060511] Key type asymmetric registered
[    2.064522] Asymmetric key parser 'x509' registered
[    2.069238] Block layer SCSI generic (bsg) driver version 0.4 loaded (major 249)
[    2.076451] io scheduler noop registered
[    2.080198] io scheduler deadline registered (default)
[    2.088952] io scheduler cfq registered
[    2.092700] pci_hotplug: PCI Hot Plug PCI Core version: 0.5
[    2.097968] pciehp: PCI Express Hot Plug Controller Driver version: 0.4
[    2.104404] ACPI: AC Adapter [AC] (on-line)
[    2.108480] input: Power Button as /devices/LNXSYSTM:00/LNXPWRBN:00/input/input0
[    2.125332] ACPI: Power Button [PWRF]
[    2.129082] input: Sleep Button as /devices/LNXSYSTM:00/LNXSLPBN:00/input/input1
[    2.147918] ACPI: Sleep Button [SLPF]
[    2.164780] GHES: HEST is not enabled!
[    2.168717] Serial: 8250/16550 driver, 32 ports, IRQ sharing enabled
[    2.202678] 00:02: ttyS0 at I/O 0x3f8 (irq = 4, base_baud = 115200) is a 16550A
[    2.214673] Linux agpgart interface v0.103
[    2.221825] loop: module loaded
[    2.226077] scsi host0: ata_piix
[    2.229592] scsi host1: ata_piix
[    2.232997] ata1: PATA max UDMA/33 cmd 0x1f0 ctl 0x3f6 bmdma 0xd000 irq 14
[    2.253377] ata2: PATA max UDMA/33 cmd 0x170 ctl 0x376 bmdma 0xd008 irq 15
[    2.267930] libphy: Fixed MDIO Bus: probed
[    2.274914] tun: Universal TUN/TAP device driver, 1.6
[    2.280183] tun: (C) 1999-2004 Max Krasnyansky <maxk@qualcomm.com>
[    2.286462] PPP generic driver version 2.4.2
[    2.291032] ehci_hcd: USB 2.0 'Enhanced' Host Controller (EHCI) Driver
[    2.298834] ehci-pci: EHCI PCI platform driver
[    2.303612] ehci-platform: EHCI generic platform driver
[    2.309216] ohci_hcd: USB 1.1 'Open' Host Controller (OHCI) Driver
[    2.315452] ohci-pci: OHCI PCI platform driver
[    2.320297] ohci-platform: OHCI generic platform driver
[    2.325658] uhci_hcd: USB Universal Host Controller Interface driver
[    2.332326] i8042: PNP: PS/2 Controller [PNP0303:PS2K,PNP0f03:PS2M] at 0x60,0x64 irq 1,12
[    2.341689] serio: i8042 KBD port at 0x60,0x64 irq 1
[    2.346925] serio: i8042 AUX port at 0x60,0x64 irq 12
[    2.352369] mousedev: PS/2 mouse device common for all mice
[    2.359069] rtc_cmos rtc_cmos: rtc core: registered rtc_cmos as rtc0
[    2.365883] rtc_cmos rtc_cmos: alarms up to one day, 114 bytes nvram
[    2.372400] input: AT Translated Set 2 keyboard as /devices/platform/i8042/serio0/input/input2
[    2.382653] i2c /dev entries driver
[    2.387952] device-mapper: uevent: version 1.0.3
[    2.393101] device-mapper: ioctl: 4.34.0-ioctl (2015-10-28) initialised: dm-devel@redhat.com
[    2.402017] ledtrig-cpu: registered to indicate activity on CPUs
[    2.409030] NET: Registered protocol family 10
[    2.415503] NET: Registered protocol family 17
[    2.422775] Key type dns_resolver registered
[    2.428588] registered taskstats version 1
[    2.436582] Loading compiled-in X.509 certificates
[    2.442662] Loaded X.509 cert 'Build time autogenerated kernel key: 65139e04a67245b562a838c28b5e7032abdd4348'
[    2.452913] zswap: loaded using pool lzo/zbud
[    2.461443] Key type trusted registered
[    2.471908] Key type encrypted registered
[    2.480164] AppArmor: AppArmor sha1 policy hashing enabled
[    2.485784] ima: No TPM chip found, activating TPM-bypass!
[    2.491489] ima: Allocated hash algorithm: sha1
[    2.496110] evm: HMAC attrs: 0x1
[    2.500541]   Magic number: 3:412:362
[    2.04711] rtc_cmos rtc_cmos: setting system clock to 2019-09-02 04:21:56 UTC (1567398116)

[    2.544742] BIOS EDD facility v0.16 2004-Jun-25, 0 devices found
[    2.550831] EDD information not available.
[    2.557177] Freeing unused kernel memory: 1484K
[    2.638300] Write protecting the kernel read-only data: 14336k
[    2.645123] Freeing unused kernel memory: 1616K
[    2.650281] Freeing unused kernel memory: 68K
Loading, please wait...
starting version 229
[    2.972658] random: udevadm: uninitialized urandom read (16 bytes read, 3 bits of entropy available)
[    2.972823] random: systemd-udevd: uninitialized urandom read (16 bytes read, 3 bits of entropy available)
[    2.973079] random: systemd-udevd: uninitialized urandom read (16 bytes read, 3 bits of entropy available)
[    2.973097] random: systemd-udevd: uninitialized urandom read (16 bytes read, 3 bits of entropy available)
[    2.973114] random: systemd-udevd: uninitialized urandom read (16 bytes read, 3 bits of entropy available)
[    3.020256] random: udevadm: uninitialized urandom read (16 bytes read, 3 bits of entropy available)
[    3.041062] random: systemd-udevd: uninitialized urandom read (16 bytes read, 3 bits of entropy available)
[    3.046908] random: udevadm: uninitialized urandom read (16 bytes read, 3 bits of entropy available)
[    3.047088] random: udevadm: uninitialized urandom read (16 bytes read, 3 bits of entropy available)
[    3.047505] random: udevadm: uninitialized urandom read (16 bytes read, 3 bits of entropy available)
[    3.229295] e1000: Intel(R) PRO/1000 Network Driver - version 7.3.21-k8-NAPI
[    3.236527] e1000: Copyright (c) 1999-2006 Intel Corporation.
[    3.273977] Fusion MPT base driver 3.04.20
[    3.278316] Copyright (c) 1999-2008 LSI Corporation
[    3.320375] AVX version of gcm_enc/dec engaged.
[    3.325557] AES CTR mode by8 optimization enabled
[    3.342642] Fusion MPT SPI Host driver 3.04.20
[    3.511966] input: ImExPS/2 Generic Explorer Mouse as /devices/platform/i8042/serio1/input/input4
[    3.974875] e1000 0000:00:03.0 eth0: (PCI:33MHz:32-bit) 02:cf:25:3b:33:74
[    3.981693] e1000 0000:00:03.0 eth0: Intel(R) PRO/1000 Network Connection
[    4.492031] e1000 0000:00:08.0 eth1: (PCI:33MHz:32-bit) 08:00:27:91:cc:05
[    4.498640] e1000 0000:00:08.0 eth1: Intel(R) PRO/1000 Network Connection
[    4.506234] mptbase: ioc0: Initiating bringup
[    4.507957] e1000 0000:00:08.0 enp0s8: renamed from eth1
[    4.523319] e1000 0000:00:03.0 enp0s3: renamed from eth0
[    4.590872] ioc0: LSI53C1030 A0: Capabilities={Initiator}
[    4.757673] scsi host2: ioc0: LSI53C1030 A0, FwRev=00000000h, Ports=1, MaxQ=256, IRQ=20
[    4.875359] scsi 2:0:0:0: Direct-Access     VBOX     HARDDISK         1.0  PQ: 0 ANSI: 5
[    4.883441] scsi target2:0:0: Beginning Domain Validation
[    4.890709] scsi target2:0:0: Domain Validation skipping write tests
[    4.896579] scsi target2:0:0: Ending Domain Validation
[    4.901499] scsi target2:0:0: asynchronous
[    4.906202] scsi 2:0:1:0: Direct-Access     VBOX     HARDDISK         1.0  PQ: 0 ANSI: 5
[    4.925082] scsi target2:0:1: Beginning Domain Validation
[    4.931779] scsi target2:0:1: Domain Validation skipping write tests
[    4.937614] scsi target2:0:1: Ending Domain Validation
[    4.942412] scsi target2:0:1: asynchronous
[    4.962003] sd 2:0:0:0: [sda] 20971520 512-byte logical blocks: (10.7 GB/10.0 GiB)
[    4.962179] sd 2:0:0:0: Attached scsi generic sg0 type 0
[    4.972021] sd 2:0:1:0: [sdb] 20480 512-byte logical blocks: (10.5 MB/10.0 MiB)
[    4.972277] sd 2:0:1:0: [sdb] Write Protect is off
[    4.972711] sd 2:0:1:0: [sdb] Incomplete mode parameter data
[    4.972712] sd 2:0:1:0: [sdb] Assuming drive cache: write through
[    4.974245] sd 2:0:1:0: Attached scsi generic sg1 type 0
[    4.982840] sd 2:0:1:0: [sdb] Attached SCSI disk
[    5.009435] sd 2:0:0:0: [sda] Write Protect is off
[    5.014248] sd 2:0:0:0: [sda] Incomplete mode parameter data
[    5.019542] sd 2:0:0:0: [sda] Assuming drive cache: write through
[    5.029369]  sda: sda1
[    5.033159] sd 2:0:0:0: [sda] Attached SCSI disk
Begin: Loading essential drivers ... [    6.509207] md: linear personality registered for level -1
[    6.517765] md: multipath personality registered for level -4
[    6.526320] md: raid0 personality registered for level 0
[    6.537394] md: raid1 personality registered for level 1
[    6.614624] raid6: sse2x1   gen()  6450 MB/s
[    6.690550] raid6: sse2x1   xor()  2843 MB/s
[    6.762637] raid6: sse2x2   gen()  8963 MB/s
[    6.830639] raid6: sse2x2   xor()  6448 MB/s
[    6.902641] raid6: sse2x4   gen() 11959 MB/s
[    6.974712] raid6: sse2x4   xor()  8076 MB/s
[    6.980637] raid6: using algorithm sse2x4 gen() 11959 MB/s
[    6.985701] raid6: .... xor() 8076 MB/s, rmw enabled
[    6.990334] raid6: using ssse3x2 recovery algorithm
[    7.000770] xor: automatically using best checksumming function:
[    7.046481]    avx       : 19161.000 MB/sec
[    7.052456] async_tx: api initialized (async)
[    7.072729] md: raid6 personality registered for level 6
[    7.083127] md: raid5 personality registered for level 5
[    7.088035] md: raid4 personality registered for level 4
[    7.102846] md: raid10 personality registered for level 10
done.
Begin: Running /scripts/init-premount ... done.
Begin: Mounting root file system ... Begin: Running /scripts/local-top ... done.
Begin: Running /scripts/local-premount ... [    7.157438] Btrfs loaded
Scanning for Btrfs filesystems
done.
Warning: fsck not present, so skipping root file system
[    7.603472] EXT4-fs (sda1): mounted filesystem with ordered data mode. Opts: (null)
done.
Begin: Running /scripts/local-bottom ... done.
Begin: Running /scripts/init-bottom ... done.
[    8.330781] systemd[1]: systemd 229 running in system mode. (+PAM +AUDIT +SELINUX +IMA +APPARMOR +SMACK +SYSVINIT +UTMP +LIBCRYPTSETUP +GCRYPT +GNUTLS +ACL +XZ -LZ4 +SECCOMP +BLKID +ELFUTILS +KMOD -IDN)
[    8.350253] systemd[1]: Detected virtualization oracle.
[    8.355048] systemd[1]: Detected architecture x86-64.

Welcome to [1mUbuntu 16.04.6 LTS[0m!

[    8.389996] systemd[1]: Set hostname to <ubuntu>.
[    8.450674] systemd[1]: Initializing machine ID from random generator.
[    8.456716] systemd[1]: Installed transient /etc/machine-id file.
[    9.242937] systemd[1]: Created slice User and Session Slice.
[[0;32m  OK  [0m] Created slice User and Session Slice.
[    9.253762] systemd[1]: Listening on LVM2 poll daemon socket.
[[0;32m  OK  [0m] Listening on LVM2 poll daemon socket.
[    9.264386] systemd[1]: Listening on Syslog Socket.
[[0;32m  OK  [0m] Listening on Syslog Socket.
[    9.274008] systemd[1]: Created slice System Slice.
[[0;32m  OK  [0m] Created slice System Slice.
[    9.283183] systemd[1]: Reached target Encrypted Volumes.
[[0;32m  OK  [0m] Reached target Encrypted Volumes.
[    9.293215] systemd[1]: Listening on /dev/initctl Compatibility Named Pipe.
[[0;32m  OK  [0m] Listening on /dev/initctl Compatibility Named Pipe.
[    9.307247] systemd[1]: Set up automount Arbitrary Executable File Formats File System Automount Point.
[[0;32m  OK  [0m] Set up automount Arbitrary Executab...ats File System Automount Point.
[    9.350954] systemd[1]: Reached target System Time Synchronized.
[[0;32m  OK  [0m] Reached target System Time Synchronized.
[    9.378939] systemd[1]: Started Trigger resolvconf update for networkd DNS.
[[0;32m  OK  [0m] Started Trigger resolvconf update for networkd DNS.
[    9.397921] systemd[1]: Listening on udev Control Socket.
[[0;32m  OK  [0m] Listening on udev Control Socket.
[    9.414031] systemd[1]: Reached target Slices.
[[0;32m  OK  [0m] Reached target Slices.
[    9.435406] systemd[1]: Listening on Device-mapper event daemon FIFOs.
[[0;32m  OK  [0m] Listening on Device-mapper event daemon FIFOs.
[    9.465363] systemd[1]: Listening on LVM2 metadata daemon socket.
[[0;32m  OK  [0m] Listening on LVM2 metadata daemon socket.
[    9.482844] systemd[1]: Reached target Swap.
[[0;32m  OK  [0m] Reached target Swap.
[    9.501787] systemd[1]: Listening on udev Kernel Socket.
[[0;32m  OK  [0m] Listening on udev Kernel Socket.
[    9.518653] systemd[1]: Listening on Journal Socket (/dev/log).
[[0;32m  OK  [0m] Listening on Journal Socket (/dev/log).
[    9.535268] systemd[1]: Created slice system-serial\x2dgetty.slice.
[[0;32m  OK  [0m] Created slice system-serial\x2dgetty.slice.
[    9.558455] systemd[1]: Listening on Journal Socket.
[[0;32m  OK  [0m] Listening on Journal Socket.
[    9.591151] systemd[1]: Mounting Huge Pages File System...
         Mounting Huge Pages File System...
[    9.617725] systemd[1]: Starting Load Kernel Modules...
         Starting Load Kernel Modules...
[    9.630630] systemd[1]: Mounting Debug File System...
         Mounting Debug File System...
[    9.642568] systemd[1]: Starting Set console keymap...
         Starting Set console keymap...
[    9.653949] systemd[1]: Starting Create list of required static device nodes for the current kernel...
         Starting Create list of required st... nodes for the current kernel...
[    9.674068] systemd[1]: Starting Remount Root and Kernel File Systems...
         Starting Remount Root and Kernel File S[    9.695807] Loading iSCSI transport class v2.0-870.
ystems...
[    9.698296] EXT4-fs (sda1): re-mounted. Opts: (null)
[    9.714399] systemd[1]: Starting Uncomplicated firewall...
         Starting Uncomplicated firewall...
[    9.726128] systemd[1]: Starting Nameserver information manager...
         Starting Nameserver information manager...
[    9.752834] iscsi: registered transport (tcp)
[    9.758927] systemd[1]: Mounting POSIX Message Queue File System...
         Mounting POSIX Message Queue File System...
[    9.774079] systemd[1]: Starting Monitoring of LVM2 mirrors, snapshots etc. using dmeventd or progress polling...
         Starting Monitoring of LVM2 mirrors... dmeventd or progress polling...
[    9.816353] systemd[1]: Started Forward Password Requests to Wall Directory Watch.
[[0;32m  OK  [0m] Started Forward Password Requests to Wall Directory Watch.
[    9.834934] systemd[1]: Listening on Journal Audit Socket.
[[0;32m  OK  [0m] Listening on Jou[    9.844930] random: nonblocking pool is initialized
rnal Audit Socket.
[    9.871284] systemd[1]: Starting Journal Service...
         Starting Journal Service...[    9.884579] iscsi: registered transport (iser)

[    9.893585] systemd[1]: Reached target User and Group Name Lookups.
[[0;32m  OK  [0m] Reached target User and Group Name Lookups.
[    9.910270] systemd[1]: Mounted POSIX Message Queue File System.
[[0;32m  OK  [0m] Mounted POSIX Message Queue File System.
[    9.922181] systemd[1]: Mounted Debug File System.
[[0;32m  OK  [0m] Mounted Debug File System.
[    9.932656] systemd[1]: Mounted Huge Pages File System.
[[0;32m  OK  [0m] Mounted Huge Pages File System.
[    9.943518] systemd[1]: Started Load Kernel Modules.
[[0;32m  OK  [0m] Started Load Kernel Modules.
[    9.953819] systemd[1]: Started Set console keymap.
[[0;32m  OK  [0m] Started Set console keymap.
[    9.963780] systemd[1]: Started Create list of required static device nodes for the current kernel.
[[0;32m  OK  [0m] Started Create list of required sta...ce nodes for the current kernel.
[    9.980486] systemd[1]: Started Remount Root and Kernel File Systems.
[[0;32m  OK  [0m] Started Remount Root and Kernel File Systems.
[    9.993085] systemd[1]: Started Uncomplicated firewall.
[[0;32m  OK  [0m] Started Uncomplicated firewall.
[   10.013009] systemd[1]: Started Journal Service.
[[0;32m  OK  [0m] Started Journal Service.
[[0;32m  OK  [0m] Started Nameserver information manager.
[[0;32m  OK  [0m] Started LVM2 metadata daemon.
         Starting Load/Save Random Seed...
         Starting udev Coldplug all Devices...
         Starting Flush Journal to Persistent Storage...
         Starting Create Static Device Nodes in /dev...
         Starting Apply Kernel Variables...
         Mounting FUSE Control File System...
[[0;32m  OK  [0m] Mounted FUSE Control File System.
[[0;32m  OK  [0m] Started Load/Save Random Seed.
[[0;32m  OK  [0m] Started Create Static Device Nodes in /dev.
[[0;32m  OK  [0m] Started Apply Kernel Variables.
[[0;32m  OK  [0m] Started udev Coldplug all Devices.
[[0;32m  OK  [0m] Started Flush Journal to Persistent Storage.
[[0;32m  OK  [0m] Started Monitoring of LVM2 mirrors,...ng dmeventd or progress polling.
         Starting udev Kernel Device Manager...
[[0;32m  OK  [0m] Reached target Local File Systems (Pre).
[[0;32m  OK  [0m] Reached target Local File Systems.
         Starting Create Volatile Files and Directories...
         Starting Initial cloud-init job (pre-networking)...
         Starting LSB: AppArmor initialization...
         Starting Set console font and keymap...
         Starting Commit a transient machine-id on disk...
         Starting Tell Plymouth To Write Out Runtime Data...
[[0;32m  OK  [0m] Started Create Volatile Files and Directories.
[[0;32m  OK  [0m] Started Tell Plymouth To Write Out Runtime Data.
[[0;32m  OK  [0m] Started Commit a transient machine-id on disk.
         Starting Update UTMP about System Boot/Shutdown...
[[0;32m  OK  [0m] Started Update UTMP about System Boot/Shutdown.
[[0;32m  OK  [0m] Started udev Kernel Device Manager.
[[0;32m  OK  [0m] Started Dispatch Password Requests to Console Directory Watch.
[[0;32m  OK  [0m] Found device /dev/ttyS0.
[[0;32m  OK  [0m] Listening on Load/Save RF Kill Switch Status /dev/rfkill Watch.
[[0;32m  OK  [0m] Started LSB: AppArmor initialization.
[[0;32m  OK  [0m] Started Set console font and keymap.
[[0;32m  OK  [0m] Created slice system-getty.slice.
[   12.892022] cloud-init[475]: Cloud-init v. 19.1-1-gbaa47854-0ubuntu1~16.04.1 running 'init-local' at Mon, 02 Sep 2019 04:22:07 +0000. Up 12.18 seconds.
[[0;32m  OK  [0m] Started Initial cloud-init job (pre-networking).
[[0;32m  OK  [0m] Reached target Network (Pre).
         Starting Raise network interfaces...
[[0;32m  OK  [0m] Started Raise network interfaces.
[[0;32m  OK  [0m] Reached target Network.
         Starting Initial cloud-init job (metadata service crawler)...
[   14.953830] cloud-init[972]: Cloud-init v. 19.1-1-gbaa47854-0ubuntu1~16.04.1 running 'init' at Mon, 02 Sep 2019 04:22:08 +0000. Up 13.70 seconds.
[   14.968551] cloud-init[972]: ci-info: ++++++++++++++++++++++++++++++++++++++Net device info+++++++++++++++++++++++++++++++++++++++
[   14.981575] cloud-init[972]: ci-info: +--------+-------+----------------------------+---------------+--------+-------------------+
[   14.994474] cloud-init[972]: ci-info: | Device |   Up  |          Address           |      Mask     | Scope  |     Hw-Address    |
[   15.007180] cloud-init[972]: ci-info: +--------+-------+----------------------------+---------------+--------+-------------------+
[   15.028391] cloud-init[972]: ci-info: | enp0s3 |  True |         10.0.2.15          | 255.255.255.0 | global | 02:cf:25:3b:33:74 |
[   15.029224] cloud-init[972]: ci-info: | enp0s3 |  True | fe80::cf:25ff:fe3b:3374/64 |       .       |  link  | 02:cf:25:3b:33:74 |
[   15.042314] cloud-init[972]: ci-info: | enp0s8 | False |             .              |       .       |   .    | 08:00:27:91:cc:05 |
[   15.051995] cloud-init[972]: ci-info: |   lo   |  True |         127.0.0.1          |   255.0.0.0   |  host  |         .         |
[   15.058108] cloud-init[972]: ci-info: |   lo   |  True |          ::1/128           |       .       |  host  |         .         |
[   15.059311] cloud-init[972]: ci-info: +--------+-------+----------------------------+---------------+--------+-------------------+
[   15.064172] cloud-init[972]: ci-info: +++++++++++++++++++++++++++Route IPv4 info++++++++++++++++++++++++++++
[   15.067668] cloud-init[972]: ci-info: +-------+-------------+----------+---------------+-----------+-------+
[   15.071204] cloud-init[972]: ci-info: | Route | Destination | Gateway  |    Genmask    | Interface | Flags |
[   15.073618] cloud-init[972]: ci-info: +-------+-------------+----------+---------------+-----------+-------+
[   15.076135] cloud-init[972]: ci-info: |   0   |   0.0.0.0   | 10.0.2.2 |    0.0.0.0    |   enp0s3  |   UG  |
[   15.078459] cloud-init[972]: ci-info: |   1   |   10.0.2.0  | 0.0.0.0  | 255.255.255.0 |   enp0s3  |   U   |
[   15.079609] cloud-init[972]: ci-info: +-------+-------------+----------+---------------+-----------+-------+
[   15.083170] cloud-init[972]: ci-info: +++++++++++++++++++Route IPv6 info+++++++++++++++++++
[[0;32m  OK  [0m] Started Initial cloud-init job (metadata service crawler).
[   15.085392] cloud-init[972]: ci-info: +-------+-------------+---------+-----------+-------+
[   15.211830] cloud-init[972]: ci-info: | Route | Destination | Gateway | Interface | Flags |
[   15.220981] cloud-init[972]: ci-info: +-------+-------------+---------+-----------+-------+
[   15.221762] cloud-init[972]: ci-info: |   0   |  fe80::/64  |    ::   |   enp0s3  |   U   |
[   15.231362] cloud-init[972]: ci-info: |   3   |   ff00::/8  |    ::   |   enp0s3  |   U   |
[   15.233699] cloud-init[972]: ci-info: +-------+-------------+---------+-----------+-------+
[[0;32m  OK  [0m] Reached target Cloud-config availability.
[   15.246149] cloud-init[972]: Generating public/private rsa key pair.
[   15.262232] cloud-init[972]: Your identification has been saved in /etc/ssh/ssh_host_rsa_key.
[[0;32m  OK  [0m] Reached target Network is Online.
[   15.265707] cloud-init[972]: Your public key has been saved in /etc/ssh/ssh_host_rsa_key.pub.
[   15.301268] cloud-init[972]: The key fingerprint is:
[   15.309461] cloud-init[972]: SHA256:RSSbg7oVVsroHXW7oZ08mCyeqHc0s61mFtyzmL1J9MU root@ubuntu-xenial
[   15.324589] cloud-init[972]: The key's randomart image is:
         [   15.344658] Starting iSCSI initiator daemon (iscsid)...cloud-init
[972]: +---[RSA 2048]----+
[[0;32m  OK  [0m[   15.347052] cloud-init[972]: |        +.+      |
] Reached target System Initialization.
[   15.372301] cloud-init[972]: |     o = * .     |
[   15.386737] cloud-init[972]: |    . B + +      |
[[0;32m  OK  [0m] Listening on D-Bus System Message Bus Socket.
[   15.387544] cloud-init[972]: |   . + + O =     |
[   15.419230] cloud-init[972]: |    o.+.S * E    |
[   15.420091] cloud-init[972]: |     =*+o. o     |
[   15.425267] cloud-init[972]: |    o.oX.o.      |
[   15.429405] cloud-init[972]: |   .. O.+.       |
[   15.432360] cloud-init[972]: |  .. =..o.       |
         Starting Socket activation for snappy daemon.
[   15.437266] cloud-init[972]: +----[SHA256]-----+
[   15.448141] cloud-init[972]: Generating public/private dsa key pair.
[[0;32m  OK  [0m] Listening on ACPID Listen Socket.
[   15.449316] cloud-init[972]: Your identification has been saved in /etc/ssh/ssh_host_dsa_key.
[   15.473204] cloud-init[972]: Your public key has been saved in /etc/ssh/ssh_host_dsa_key.pub.
[   15.482865] cloud-init[972]: The key fingerprint is:
[   15.483668] cloud-init[972]: SHA256:pX0u4TnZJd1ScZOZD/sjk5uQj0uGYg3swkvvsrT0KCI root@ubuntu-xenial
[   15.489523] cloud-init[972]: The key's randomart image is:
         Starting LXD - unix socket.
[   15.491896] cloud-init[972]: +---[DSA 1024]----+
[   15.513493] cloud-init[972]: |               o=|
[[   15.519338] cloud-init[972]: |              .++|
[   15.520551] cloud-init[972]: |          .    oo|
[   15.523182] cloud-init[972]: |      .  +   ..o.|
[0;32m  OK  [0m] Started ACPI Events Check.
[   15.526956] cloud-init[972]: |       oS o + =..|
[[0;32m  OK  [0m] Reached target Paths.
[   15.549810] cloud-init[972]: |    . . o..X * o.|
[[   15.587929] cloud-init[972]: |     * + o*o* = .|
[   15.589178] cloud-init[972]: |E. .+.O . o+ +   |
[0;32m  OK  [0m] Started Daily apt download activities.
[   15.593789] cloud-init[972]: |. . .=++   ..    |
[   15.608710] cloud-init[972]: +----[SHA256]-----+
[[0;32m  OK  [0m] Started Daily apt upgrade and clean activities.
[   15.608774] cloud-init[972]: Generating public/private ecdsa key pair.
[[0;32m  OK  [0m] Listening on UUID daemon activation socket.
[[0;32m  OK  [0m] Started Daily Cleanup of Temporary Directories.
[   15.649492] cloud-init[972]: Your identification has been saved in /etc/ssh/ssh_host_ecdsa_key.
[   15.666931] cloud-init[972]: Your public key has been saved in /etc/ssh/ssh_host_ecdsa_key.pub.
[   15.667715] cloud-init[972]: The key fingerprint is:
[[0;32m  OK  [0m] Reached target Timers.
[   15.670397] cloud-init[972]: SHA256:AEkxhT8AQ7NZ8kwEG/Pt6ful3yF871pO7RU2XQ8+eAI root@ubuntu-xenial
[[   15.748881] cloud-init[972]: The key's randomart image is:
[   15.750365] cloud-init[972]: +---[ECDSA 256]---+
[   15.753865] cloud-init[972]: | .X=O=.          |
[0;32m  OK  [0m] Listening on Socket activation for snappy daemon.
[   15.754124] cloud-init[972]: |   /++           |
[   15.796547] cloud-init[[972]: [0;32m  OK  [0m|  + +oo   E   . .|] 
Listening on LXD - unix socket.
[   15.799897] cloud-init[[972]: [0;32m  OK  [0m|     .oo   . o .+|] 
Started iSCSI initiator daemon (iscsid).
[   15.811273] cloud-init[972]: |      o.S   o ++o|
[   15.827494] cloud-init[972]: |     .   .   o.oo|
[   15.837822] cloud-init[972]: |      .   + o o o|
[   15.852586] cloud-init[972]: |       . o + * ..|
[   15.860676] cloud-init[972]: |      ..o.. oo+ .|
[   15.861518] cloud-init[972]: +----[SHA256]-----+
         Starting Login to default iSCSI targets...
[   15.862805] cloud-init[972]: Generating public/private ed25519 key pair.
[   15.886002] cloud-init[972]: Your identification has been saved in /etc/ssh/ssh_host_ed25519_key.
[[0;32m  OK  [0m] Reached target Sockets.
[   15.890728] cloud-init[972]: Your public key has been saved in /etc/ssh/ssh_host_ed25519_key.pub.
[   15.913842] cloud-init[972]: The key fingerprint is:
[[0;32m  OK  [0m] Reached target Basic System.
[   15.915237] cloud-init[972]: SHA256:CgydJ1zbXkhmRN2Bv3cgVXcrda3QahJFAq2uBPso0s4 root@ubuntu-xenial
[   15.956641] cloud-init[972]: The key's randomart image is:
[   15.976742] cloud-init[972]: +--[ED25519 256]--+
[   15.977516] cloud-init[972]:          Starting Virtualbox guest utils...
|      .oB+.=+o o*|
[   15.998468] cloud-init[972]: |   o o * .=.o + *|
[   15.999847] cloud-init[972]: |  . = o o..o = o |
         Starting LSB: MD monitoring daemon...
         [   16.001873] cloud-init[972]: |   o.o .... = +  |
[   16.017064] cloud-init[972]: |    oo .S  o o . |
Starting LXD - container startup/shutdown...
[   16.018267] cloud-init[972]: |    .....   . . .|
[   16.048659] cloud-init[972]: | .   +..     . . |
         Starting System Logging Service...
[   16.071699] cloud-init[972]: |..o . o          |
[   16.102466] cloud-init[972]: | oE.             |
[   16.103347] cloud-init[972]: +----[SHA256]-----+
         Starting /etc/rc.local Compatibility...
[[0;32m  OK  [0m] Started ACPI event daemon.
         Starting LSB: Record successful boot for GRUB...
[[0;32m  OK  [0m] Started Regular background program processing daemon.
[[0;32m  OK  [0m] Started FUSE filesystem for LXC.
         Starting Snappy daemon...
[[0;32m  OK  [0m] Started D-Bus System Message Bus.
         Starting Pollinate to seed the pseudo random number generator...
         Starting Login Service...
         Starting Accounts Service...
[[0;32m  OK  [0m] Started Deferred execution scheduler.
[[0;32m  OK  [0m] Started System Logging Service.
[[0;32m  OK  [0m] Started /etc/rc.local Compatibility.
[[0;32m  OK  [0m] Started LXD - container startup/shutdown.
[[0;32m  OK  [0m] Started Login to default iSCSI targets.
[[0;32m  OK  [0m] Started LSB: MD monitoring daemon.
[[0;32m  OK  [0m] Started LSB: Record successful boot for GRUB.
[[0;32m  OK  [0m] Started Login Service.
[[0;32m  OK  [0m] Started Unattended Upgrades Shutdown.
         Starting Authenticate and Authorize Users to Run Privileged Tasks...
[[0;32m  OK  [0m] Reached target Remote File Systems (Pre).
[[0;32m  OK  [0m] Reached target Remote File Systems.
         Starting LSB: automatic crash report generation...
         Starting Permit User Sessions...
         Starting LSB: daemon to balance interrupts for SMP systems...
         Starting LSB: Set the CPU Frequency Scaling governor to "ondemand"...
[[0;32m  OK  [0m] Started Virtualbox guest utils.
[[0;32m  OK  [0m] Started Permit User Sessions.
         Starting Terminate Plymouth Boot Screen...
         Starting Hold until boot process finishes up...
[[0;32m  OK  [0m] Started LSB: Set the CPU Frequency Scaling governor to "ondemand".
[[0;32m  OK  [0m] Started Terminate Plymouth Boot Screen.
[[0;32m  OK  [0m] Started Hold until boot process finishes up.
[[0;32m  OK  [0m] Started LSB: daemon to balance interrupts for SMP systems.
[[0;32m  OK  [0m] Started Authenticate and Authorize Users to Run Privileged Tasks.
[[0;32m  OK  [0m] Started Accounts Service.
         Starting Set console scheme...
[[0;32m  OK  [0m] Started Serial Getty on ttyS0.
[[0;32m  OK  [0m] Started Getty on tty1.
[[0;32m  OK  [0m] Reached target Login Prompts.
[[0;32m  OK  [0m] Started LSB: automatic crash report generation.
[[0;32m  OK  [0m] Started Set console scheme.
[[0;32m  OK  [0m] Started Snappy daemon.
         Starting Wait until snapd is fully seeded...
[[0;32m  OK  [0m] Started Pollinate to seed the pseudo random number generator.
         Starting OpenBSD Secure Shell server...
[[0;32m  OK  [0m] Started OpenBSD Secure Shell server.
[[0;32m  OK  [0m] Created slice User Slice of vagrant.
         Starting User Manager for UID 1000...
[[0;32m  OK  [0m] Started Session 1 of user vagrant.
[[0;32m  OK  [0m] Started User Manager for UID 1000.
[[0;32m  OK  [0m] Started Session 2 of user vagrant.
[   23.534008] cloud-init[1572]: Generating locales (this might take a while)...

Ubuntu 16.04.6 LTS ubuntu-xenial ttyS0

ubuntu-xenial login: [   24.711268] cloud-init[1572]:   en_US.UTF-8... done
[   24.717084] cloud-init[1572]: Generation complete.
[   25.343314] cloud-init[1572]: Cloud-init v. 19.1-1-gbaa47854-0ubuntu1~16.04.1 running 'modules:config' at Mon, 02 Sep 2019 04:22:18 +0000. Up 23.34 seconds.
ci-info: no authorized ssh keys fingerprints found for user ubuntu.
<14>Sep  2 04:22:20 ec2: 
<14>Sep  2 04:22:20 ec2: #############################################################
<14>Sep  2 04:22:20 ec2: -----BEGIN SSH HOST KEY FINGERPRINTS-----
<14>Sep  2 04:22:20 ec2: 1024 SHA256:pX0u4TnZJd1ScZOZD/sjk5uQj0uGYg3swkvvsrT0KCI root@ubuntu-xenial (DSA)
<14>Sep  2 04:22:20 ec2: 256 SHA256:AEkxhT8AQ7NZ8kwEG/Pt6ful3yF871pO7RU2XQ8+eAI root@ubuntu-xenial (ECDSA)
<14>Sep  2 04:22:20 ec2: 256 SHA256:CgydJ1zbXkhmRN2Bv3cgVXcrda3QahJFAq2uBPso0s4 root@ubuntu-xenial (ED25519)
<14>Sep  2 04:22:20 ec2: 2048 SHA256:RSSbg7oVVsroHXW7oZ08mCyeqHc0s61mFtyzmL1J9MU root@ubuntu-xenial (RSA)
<14>Sep  2 04:22:20 ec2: -----END SSH HOST KEY FINGERPRINTS-----
<14>Sep  2 04:22:20 ec2: #############################################################
-----BEGIN SSH HOST KEY KEYS-----
ecdsa-sha2-nistp256 AAAAE2VjZHNhLXNoYTItbmlzdHAyNTYAAAAIbmlzdHAyNTYAAABBBMGm3L1IUr+78HVcWxSGq7Ps+U8EAfmF0MTEGyamhNTFwRNzYvPntU/07RcwJWTTt3F7fhbomq+P1HGcj7QgaGA= root@ubuntu-xenial
ssh-ed25519 AAAAC3NzaC1lZDI1NTE5AAAAILYLT0nbpPdZ0eSTuFFn4R6iRBkv2Yhxp3LuTtBrOCNV root@ubuntu-xenial
ssh-rsa AAAAB3NzaC1yc2EAAAADAQABAAABAQDSA0r1bRvbwbWN7teb+nf+U1ysQel98nxRMiz6ZF42l5vIS7NxhkjcGLUohVPGTPLn4vhjT7xdqUe+at7i0fMMzsuesUntZTqe5c40K8PfWJLcCloZGVar/jDQB1oPdkajHVJ8rvgpce93zRD9vb3fckPQcF9LePz4gwmYvSq62qSSbMXEIpEBUuOaIPFTzLBaUfnYOYz/MspOYihFg6a1zK9zSRLm83vq7HGn1pRv1vPN09CKDUHyjEiqiff+cMChVl0K4m2XTRXkvrXcrUM+Se3dCpUHhP2rhm52lBjKmFMNixSSlc8sp357QAxYYpPNvXuFfBAIR5oPF+mPp8d5 root@ubuntu-xenial
-----END SSH HOST KEY KEYS-----
[   26.124579] cloud-init[1856]: Cloud-init v. 19.1-1-gbaa47854-0ubuntu1~16.04.1 running 'modules:final' at Mon, 02 Sep 2019 04:22:20 +0000. Up 25.79 seconds.
[   26.137309] cloud-init[1856]: ci-info: no authorized ssh keys fingerprints found for user ubuntu.
[   26.146870] cloud-init[1856]: Cloud-init v. 19.1-1-gbaa47854-0ubuntu1~16.04.1 finished at Mon, 02 Sep 2019 04:22:21 +0000. Datasource DataSourceNoCloud [seed=/dev/sdb][dsmode=net].  Up 26.11 seconds
                                                                                                                                                                                                                                                                                                                                                                                                                                                                       [952058.697750] blk_update_request: critical medium error, dev sda, sector 278472
[952058.712897] blk_update_request: critical medium error, dev sda, sector 278472
